<?xml version="1.0" encoding="UTF-8"?>
<!-- Generated by org.testng.reporters.JUnitReportReporter -->
<testsuite hostname="N6392" failures="0" tests="1" name="tests.LoginTest" time="13.933" errors="0" timestamp="2025-07-09T11:56:00 MYT" skipped="0">
  <testcase classname="tests.LoginTest" name="testValidLogin" time="13.933"/>
</testsuite> <!-- tests.LoginTest -->
