<?xml version="1.0" encoding="UTF-8"?>
<!-- Generated by org.testng.reporters.JUnitReportReporter -->
<testsuite hostname="N6392" failures="0" tests="1" name="tests.LoginTest" time="5.896" errors="0" timestamp="2025-07-07T13:42:00 MYT" skipped="0">
  <testcase classname="tests.LoginTest" name="testValidLogin" time="5.896"/>
</testsuite> <!-- tests.LoginTest -->
